Vivado Simulator v2025.1.0
Copyright 1986-2022 Xilinx, Inc. All Rights Reserved.
Copyright 2022-2025 Advanced Micro Devices, Inc. All Rights Reserved.
Running: C:/Xilinx/2025.1/Vivado/bin/unwrapped/win64.o/xelab.exe --incr --debug typical --relax --mt 2 -L xil_defaultlib -L secureip -L xpm --snapshot J_Cou_wrapper_behav xil_defaultlib.J_Cou_wrapper -log elaborate.log 
Using 2 slave threads.
Starting static elaboration
Completed static elaboration
Starting simulation data flow analysis
Completed simulation data flow analysis
Time Resolution for simulation is 1ps
Compiling package std.standard
Compiling package std.textio
Compiling package ieee.std_logic_1164
Compiling package ieee.numeric_std
Compiling package unisim.vcomponents
Compiling architecture behavioral of entity xil_defaultlib.dff [dff_default]
Compiling architecture j_cou_dff_0_0_arch of entity xil_defaultlib.J_Cou_dff_0_0 [j_cou_dff_0_0_default]
Compiling architecture j_cou_dff_0_1_arch of entity xil_defaultlib.J_Cou_dff_0_1 [j_cou_dff_0_1_default]
Compiling architecture j_cou_dff_0_2_arch of entity xil_defaultlib.J_Cou_dff_0_2 [j_cou_dff_0_2_default]
Compiling architecture j_cou_dff_0_3_arch of entity xil_defaultlib.J_Cou_dff_0_3 [j_cou_dff_0_3_default]
Compiling architecture structure of entity xil_defaultlib.J_Cou [j_cou_default]
Compiling architecture structure of entity xil_defaultlib.j_cou_wrapper
Built simulation snapshot J_Cou_wrapper_behav
